Build started 9/29/2014 3:17:33 PM.
     1>Project "C:\Users\Matthew\Documents\visual studio 2013\Projects\shapesPewPeww\shapesPewPeww\dev\jsoncpp-master\makefiles\msvc2010\jsontest.vcxproj" on node 2 (Build target(s)).
     1>Link:
         C:\Program Files (x86)\Microsoft Visual Studio 12.0\VC\bin\link.exe /ERRORREPORT:PROMPT /OUT:"../../build/vs71/release/jsontest\jsontest.exe" /INCREMENTAL:NO /NOLOGO kernel32.lib user32.lib gdi32.lib winspool.lib comdlg32.lib advapi32.lib shell32.lib ole32.lib oleaut32.lib uuid.lib odbc32.lib odbccp32.lib /MANIFEST /MANIFESTUAC:"level='asInvoker' uiAccess='false'" /manifest:embed /DEBUG /PDB:"../../build/vs71/release/jsontest\jsontest.pdb" /SUBSYSTEM:CONSOLE /OPT:REF /OPT:ICF /TLBID:1 /DYNAMICBASE /NXCOMPAT /IMPLIB:"../../build/vs71/release/jsontest\jsontest.lib" /MACHINE:X86 /SAFESEH ../../build/vs71/release/jsontest\main.obj
         "C:\Users\Matthew\Documents\Visual Studio 2013\Projects\shapesPewPeww\shapesPewPeww\dev\jsoncpp-master\makefiles\msvc2010\x64\Release\lib_json.lib"
     1>LINK : fatal error C1905: Front end and back end not compatible (must target same processor).
     1>LINK : fatal error LNK1257: code generation failed
     1>Done Building Project "C:\Users\Matthew\Documents\visual studio 2013\Projects\shapesPewPeww\shapesPewPeww\dev\jsoncpp-master\makefiles\msvc2010\jsontest.vcxproj" (Build target(s)) -- FAILED.

Build FAILED.

Time Elapsed 00:00:00.22
